2026-03-14 16:53:26, MOVE, v:1, k:ed@pintando, mode:DOWN
2026-03-14 17:20:05, MOVE, v:1, k:ed@pintando, mode:PICK
2026-03-14 17:20:23, EXEC, v:1, k:ed@pintando, mode:FULL, rate:100, size:12
2026-03-14 17:23:16, MOVE, v:1, k:ed@pintando, mode:BACK
2026-03-14 17:23:23, MOVE, v:1, k:ed@mumia, mode:DOWN
2026-03-14 17:26:39, SELF, v:1, k:ed@pintando, self:1, rate:100, study:30, friend:nao, concept:1
2026-03-14 17:42:16, MOVE, v:1, k:ed@mumia, mode:PICK
2026-03-14 17:42:27, EXEC, v:1, k:ed@mumia, mode:FULL, rate:0, size:22
2026-03-14 17:45:07, EXEC, v:1, k:ed@mumia, mode:FULL, rate:22, size:22
2026-03-14 17:51:39, MOVE, v:1, k:ed@mumia, mode:PICK
2026-03-14 17:51:41, EXEC, v:1, k:ed@mumia, mode:FULL, rate:22, size:22
2026-03-14 17:54:07, EXEC, v:1, k:ed@mumia, mode:FULL, rate:100, size:22
2026-03-14 17:55:00, MOVE, v:1, k:ed@mumia, mode:BACK
2026-03-14 17:56:46, SELF, v:1, k:ed@mumia, self:1, rate:100, study:20, friend:nao, debug:1
2026-03-14 17:57:29, SELF, v:1, k:ed@mumia, self:1, rate:100, study:20, friend:nao
2026-03-14 17:57:57, MOVE, v:1, k:ed@fuga, mode:DOWN
2026-03-14 17:57:59, MOVE, v:1, k:ed@fuga, mode:PICK
2026-03-14 17:58:04, MOVE, v:1, k:ed@fuga, mode:BACK
2026-03-14 18:32:40, MOVE, v:1, k:ed@fuga, mode:PICK
2026-03-14 18:32:43, EXEC, v:1, k:ed@fuga, mode:FULL, rate:80, size:22
2026-03-14 18:35:32, EXEC, v:1, k:ed@fuga, mode:FULL, rate:100, size:22
2026-03-14 18:35:44, MOVE, v:1, k:ed@fuga, mode:BACK
2026-03-14 18:35:49, MOVE, v:1, k:ed@fuga, mode:PICK
2026-03-14 18:35:58, MOVE, v:1, k:ed@fuga, mode:BACK
2026-03-14 18:37:00, SELF, v:1, k:ed@fuga, self:1, rate:100, study:20, friend:nao
