2026-04-21 09:45:13, MOVE, v:1, k:ed@treinando, mode:PICK
2026-04-21 09:45:15, EXEC, v:1, k:ed@treinando, mode:FULL, rate:16
2026-04-21 09:54:54, MOVE, v:1, k:ed@treinando, mode:EDIT
2026-04-21 09:59:57, MOVE, v:1, k:ed@treinando, mode:EDIT
2026-04-21 10:02:52, EXEC, v:1, k:ed@treinando, mode:FULL, rate:16, size:106
2026-04-21 10:04:39, EXEC, v:1, k:ed@treinando, mode:FULL, rate:16, size:106
2026-04-21 10:04:37, MOVE, v:1, k:ed@treinando, mode:EDIT
2026-04-21 10:05:50, EXEC, v:1, k:ed@treinando, mode:FULL, rate:16, size:107
2026-04-21 10:05:48, MOVE, v:1, k:ed@treinando, mode:EDIT
2026-04-21 10:11:31, EXEC, v:1, k:ed@treinando, mode:FULL, rate:33, size:107
2026-04-21 10:12:31, EXEC, v:1, k:ed@treinando, mode:FULL, rate:16, size:107
2026-04-21 10:14:36, EXEC, v:1, k:ed@treinando, mode:FULL, rate:16, size:110
2026-04-21 10:14:34, MOVE, v:1, k:ed@treinando, mode:EDIT
2026-04-21 10:15:26, EXEC, v:1, k:ed@treinando, mode:FULL, rate:50, size:110
2026-04-21 10:19:54, MOVE, v:1, k:ed@treinando, mode:EDIT
2026-04-21 10:22:14, EXEC, v:1, k:ed@treinando, mode:FULL, rate:66, size:117
2026-04-21 10:23:17, EXEC, v:1, k:ed@treinando, mode:FULL, rate:66, size:122
2026-04-21 10:23:58, EXEC, v:1, k:ed@treinando, mode:FULL, rate:66, size:122
2026-04-21 10:23:56, MOVE, v:1, k:ed@treinando, mode:EDIT
2026-04-21 10:25:48, EXEC, v:1, k:ed@treinando, mode:FULL, rate:83, size:122
2026-04-21 10:25:44, MOVE, v:1, k:ed@treinando, mode:EDIT
2026-04-21 10:39:16, MOVE, v:1, k:ed@treinando, mode:EDIT
2026-04-21 10:42:49, MOVE, v:1, k:ed@treinando, mode:EDIT
2026-04-21 10:49:17, MOVE, v:1, k:ed@treinando, mode:BACK
2026-04-21 10:51:38, MOVE, v:1, k:ed@treinando, mode:PICK
2026-04-21 10:59:54, MOVE, v:1, k:ed@treinando, mode:EDIT
2026-04-21 11:03:05, MOVE, v:1, k:ed@treinando, mode:EDIT
2026-04-21 17:38:55, MOVE, v:1, k:ed@treinando, mode:BACK
2026-04-21 17:39:33, MOVE, v:1, k:ed@treinando, mode:EDIT
2026-04-21 17:43:33, MOVE, v:1, k:ed@treinando, mode:EDIT
