2026-03-23 15:55:40, MOVE, v:1, k:ed@princesa, mode:DOWN
2026-03-23 19:41:59, MOVE, v:1, k:ed@princesa, mode:PICK
2026-03-23 19:42:07, EXEC, v:1, k:ed@princesa, mode:FULL, rate:0, size:41
2026-03-23 19:43:33, EXEC, v:1, k:ed@princesa, mode:FULL, rate:0, size:41
2026-03-23 19:44:52, EXEC, v:1, k:ed@princesa, mode:FULL, rate:0, size:41
2026-03-23 19:45:34, EXEC, v:1, k:ed@princesa, mode:FULL, rate:0, size:41
2026-03-23 19:46:22, EXEC, v:1, k:ed@princesa, mode:FULL, rate:0, size:41
2026-03-23 19:52:20, EXEC, v:1, k:ed@princesa, mode:FULL, rate:0, size:50
2026-03-23 19:55:10, MOVE, v:1, k:ed@princesa, mode:PICK
2026-03-23 19:55:13, EXEC, v:1, k:ed@princesa, mode:FULL, rate:0
2026-03-23 19:58:38, EXEC, v:1, k:ed@princesa, mode:FULL, rate:0, size:31
2026-03-23 20:00:43, MOVE, v:1, k:ed@princesa, mode:PICK
2026-03-23 20:00:44, EXEC, v:1, k:ed@princesa, mode:FULL, rate:0, size:41
2026-03-23 20:04:59, EXEC, v:1, k:ed@princesa, mode:FULL, rate:0, size:40
2026-03-23 20:06:03, EXEC, v:1, k:ed@princesa, mode:FULL, rate:0, size:51
2026-03-23 20:15:44, EXEC, v:1, k:ed@princesa, mode:FULL, rate:0, size:48
2026-03-23 20:24:34, EXEC, v:1, k:ed@princesa, mode:FULL, rate:0, size:47
2026-03-23 20:33:33, EXEC, v:1, k:ed@princesa, mode:FULL, rate:0, size:46
2026-03-23 20:39:31, EXEC, v:1, k:ed@princesa, mode:FULL, rate:0, size:48
2026-03-23 20:40:07, MOVE, v:1, k:ed@princesa, mode:PICK
2026-03-23 20:40:12, EXEC, v:1, k:ed@princesa, mode:FULL, rate:0, size:48
2026-03-23 20:40:50, EXEC, v:1, k:ed@princesa, mode:FULL, size:48, fail:COMP
2026-03-23 20:41:18, EXEC, v:1, k:ed@princesa, mode:FULL, rate:0, size:48
2026-03-23 20:42:13, MOVE, v:1, k:ed@princesa, mode:PICK
2026-03-23 20:42:14, EXEC, v:1, k:ed@princesa, mode:FULL, rate:100, size:48
2026-03-23 20:44:10, EXEC, v:1, k:ed@princesa, mode:FULL, rate:0, size:47
2026-03-23 20:44:36, EXEC, v:1, k:ed@princesa, mode:FULL, rate:100, size:48
2026-03-23 20:45:00, MOVE, v:1, k:ed@princesa, mode:BACK
2026-03-23 20:45:44, SELF, v:1, k:ed@princesa, self:1, rate:100, study:120
2026-03-23 20:46:09, SELF, v:1, k:ed@princesa, self:1, rate:100, study:120, concept:1
