2026-04-06 11:24:25, MOVE, v:1, k:ed@especiais, mode:PICK
2026-04-06 11:24:57, EXEC, v:1, k:ed@especiais, mode:FULL, rate:62, size:244
2026-04-06 13:39:26, MOVE, v:1, k:ed@especiais, mode:PICK
2026-04-06 13:39:28, EXEC, v:1, k:ed@especiais, mode:FULL, rate:62
2026-04-06 13:46:14, EXEC, v:1, k:ed@especiais, mode:FULL, rate:75, size:244
2026-04-06 13:49:28, EXEC, v:1, k:ed@especiais, mode:FULL, rate:75
2026-04-06 13:49:28, EXEC, v:1, k:ed@especiais, mode:FULL, rate:75
2026-04-06 13:51:52, EXEC, v:1, k:ed@especiais, mode:FULL, rate:75, size:244
2026-04-06 14:02:42, EXEC, v:1, k:ed@especiais, mode:FULL, rate:87, size:246
2026-04-06 14:21:46, EXEC, v:1, k:ed@especiais, mode:FULL, rate:62, size:251
2026-04-06 14:42:57, EXEC, v:1, k:ed@especiais, mode:FULL, size:246, fail:COMP
2026-04-06 14:43:38, EXEC, v:1, k:ed@especiais, mode:FULL, size:246, fail:COMP
2026-04-06 14:43:58, EXEC, v:1, k:ed@especiais, mode:FULL, rate:62, size:245
2026-04-06 14:47:13, EXEC, v:1, k:ed@especiais, mode:FULL, rate:62, size:246
2026-04-06 14:53:45, EXEC, v:1, k:ed@especiais, mode:FULL, rate:87, size:249
2026-04-06 14:59:42, EXEC, v:1, k:ed@especiais, mode:FULL, rate:100, size:249
2026-04-06 15:41:04, MOVE, v:1, k:ed@especiais, mode:PICK
2026-04-06 15:41:06, MOVE, v:1, k:ed@especiais, mode:BACK
2026-04-06 15:42:08, SELF, v:1, k:ed@especiais, self:1, rate:100, concept:1
2026-04-06 15:45:35, SELF, v:1, k:ed@especiais, self:1, rate:100, study:180, concept:1
2026-04-06 15:46:53, MOVE, v:1, k:ed@buscas, mode:DOWN
2026-04-06 15:46:58, MOVE, v:1, k:ed@buscas, mode:PICK
2026-04-06 15:47:00, EXEC, v:1, k:ed@buscas, mode:FULL, rate:0, size:5
2026-04-06 15:52:03, MOVE, v:1, k:ed@buscas, mode:BACK
2026-04-06 15:52:26, MOVE, v:1, k:ed@fractais_png, mode:DOWN
2026-04-06 16:02:49, MOVE, v:1, k:ed@fractais_png, mode:DOWN
2026-04-06 16:02:52, MOVE, v:1, k:ed@fractais_png, mode:PICK
2026-04-06 16:02:53, EXEC, v:1, k:ed@fractais_png, mode:FULL, size:136, fail:COMP
2026-04-06 16:03:30, MOVE, v:1, k:ed@fractais_png, mode:PICK
2026-04-06 16:03:32, EXEC, v:1, k:ed@fractais_png, mode:LOCK, rate:0
2026-04-06 16:05:00, MOVE, v:1, k:ed@fractais_png, mode:BACK
2026-04-06 16:05:03, MOVE, v:1, k:ed@fractais_png, mode:DOWN
2026-04-06 16:06:15, MOVE, v:1, k:ed@fractais_png, mode:PICK
2026-04-06 16:06:17, EXEC, v:1, k:ed@fractais_png, mode:LOCK, rate:0
2026-04-06 16:06:32, MOVE, v:1, k:ed@fractais_png, mode:BACK
2026-04-06 16:07:20, EXEC, v:1, k:src@go, mode:FREE, size:136
2026-04-06 16:18:41, MOVE, v:1, k:ed@fractais_png, mode:DOWN
2026-04-06 16:18:45, MOVE, v:1, k:ed@fractais_png, mode:PICK
2026-04-06 16:18:46, EXEC, v:1, k:ed@fractais_png, mode:FULL, fail:COMP
2026-04-06 16:19:01, EXEC, v:1, k:ed@fractais_png, mode:FULL, fail:COMP
2026-04-06 16:19:27, MOVE, v:1, k:ed@fractais_png, mode:BACK
2026-04-06 16:19:32, MOVE, v:1, k:ed@fractais_png, mode:PICK
2026-04-06 16:19:33, EXEC, v:1, k:ed@fractais_png, mode:FULL, fail:COMP
2026-04-06 16:19:33, EXEC, v:1, k:ed@fractais_png, mode:FULL, fail:COMP
2026-04-06 16:19:34, MOVE, v:1, k:ed@fractais_png, mode:BACK
2026-04-06 16:21:29, EXEC, v:1, k:src@go, mode:FREE
