2026-04-12 14:45:06, MOVE, v:1, k:ed@fractais_png, mode:PICK
2026-04-12 14:45:08, EXEC, v:1, k:ed@fractais_png, mode:LOCK, rate:0, size:140
2026-04-12 14:45:44, EXEC, v:1, k:ed@fractais_png, mode:LOCK, rate:0, size:140
2026-04-12 14:45:50, EXEC, v:1, k:ed@fractais_png, mode:LOCK, rate:0
2026-04-12 14:46:30, EXEC, v:1, k:ed@fractais_png, mode:LOCK, rate:0, size:140
2026-04-12 14:47:10, EXEC, v:1, k:ed@fractais_png, mode:LOCK, rate:0, size:140
2026-04-12 14:47:23, EXEC, v:1, k:ed@fractais_png, mode:LOCK, rate:0, size:140
2026-04-12 14:48:36, EXEC, v:1, k:ed@fractais_png, mode:LOCK, rate:0, size:140
2026-04-12 14:49:11, EXEC, v:1, k:ed@fractais_png, mode:LOCK, rate:0, size:140
2026-04-12 14:49:48, EXEC, v:1, k:ed@fractais_png, mode:LOCK, rate:0, size:140
2026-04-12 14:49:48, MOVE, v:1, k:ed@fractais_png, mode:EDIT
2026-04-12 14:49:46, MOVE, v:1, k:ed@fractais_png, mode:EDIT
2026-04-12 14:50:10, EXEC, v:1, k:ed@fractais_png, mode:LOCK, rate:0, size:140
2026-04-12 14:50:33, EXEC, v:1, k:ed@fractais_png, mode:LOCK, rate:0, size:140
2026-04-12 14:51:03, EXEC, v:1, k:ed@fractais_png, mode:LOCK, rate:0, size:140
2026-04-12 14:51:54, EXEC, v:1, k:ed@fractais_png, mode:LOCK, rate:0, size:140
2026-04-12 14:52:18, EXEC, v:1, k:ed@fractais_png, mode:LOCK, rate:0, size:140
2026-04-12 14:52:36, EXEC, v:1, k:ed@fractais_png, mode:LOCK, rate:0, size:140
2026-04-12 14:53:08, EXEC, v:1, k:ed@fractais_png, mode:LOCK, rate:0, size:140
2026-04-12 14:53:48, EXEC, v:1, k:ed@fractais_png, mode:LOCK, rate:0, size:140
2026-04-12 14:54:14, EXEC, v:1, k:ed@fractais_png, mode:LOCK, rate:0, size:140
2026-04-12 14:54:12, MOVE, v:1, k:ed@fractais_png, mode:EDIT
2026-04-12 14:54:14, MOVE, v:1, k:ed@fractais_png, mode:EDIT
2026-04-12 14:55:17, EXEC, v:1, k:ed@fractais_png, mode:LOCK, rate:0, size:140
2026-04-12 14:56:18, EXEC, v:1, k:ed@fractais_png, mode:LOCK, rate:0, size:140
2026-04-12 14:56:53, EXEC, v:1, k:ed@fractais_png, mode:LOCK, rate:0, size:140
2026-04-12 14:57:14, EXEC, v:1, k:ed@fractais_png, mode:LOCK, rate:0, size:140
2026-04-12 14:57:39, EXEC, v:1, k:ed@fractais_png, mode:LOCK, rate:0, size:140
2026-04-12 14:58:24, EXEC, v:1, k:ed@fractais_png, mode:LOCK, rate:0, size:140
2026-04-12 14:58:54, EXEC, v:1, k:ed@fractais_png, mode:LOCK, rate:0, size:140
2026-04-12 14:59:20, EXEC, v:1, k:ed@fractais_png, mode:LOCK, rate:0, size:140
2026-04-12 14:59:54, MOVE, v:1, k:ed@fractais_png, mode:EDIT
2026-04-12 14:59:20, MOVE, v:1, k:ed@fractais_png, mode:EDIT
2026-04-12 15:00:00, EXEC, v:1, k:ed@fractais_png, mode:LOCK, rate:0, size:140
2026-04-12 15:00:42, EXEC, v:1, k:ed@fractais_png, mode:LOCK, rate:0, size:140
2026-04-12 15:01:26, EXEC, v:1, k:ed@fractais_png, mode:LOCK, rate:0, size:140
2026-04-12 15:01:45, EXEC, v:1, k:ed@fractais_png, mode:LOCK, rate:0, size:140
2026-04-12 15:02:02, EXEC, v:1, k:ed@fractais_png, mode:LOCK, rate:0, size:140
2026-04-12 15:02:22, EXEC, v:1, k:ed@fractais_png, mode:LOCK, rate:0, size:140
2026-04-12 15:02:38, EXEC, v:1, k:ed@fractais_png, mode:LOCK, rate:0, size:140
2026-04-12 15:02:50, EXEC, v:1, k:ed@fractais_png, mode:LOCK, rate:0, size:140
2026-04-12 15:03:07, EXEC, v:1, k:ed@fractais_png, mode:LOCK, rate:0, size:140
2026-04-12 15:03:22, EXEC, v:1, k:ed@fractais_png, mode:LOCK, rate:0, size:140
2026-04-12 15:03:34, EXEC, v:1, k:ed@fractais_png, mode:LOCK, rate:0, size:140
2026-04-12 15:04:10, EXEC, v:1, k:ed@fractais_png, mode:LOCK, rate:0, size:140
2026-04-12 15:04:27, EXEC, v:1, k:ed@fractais_png, mode:LOCK, rate:0, size:140
2026-04-12 15:04:53, EXEC, v:1, k:ed@fractais_png, mode:LOCK, rate:0, size:140
2026-04-12 15:04:52, MOVE, v:1, k:ed@fractais_png, mode:EDIT
2026-04-12 15:04:53, MOVE, v:1, k:ed@fractais_png, mode:EDIT
2026-04-12 15:05:04, EXEC, v:1, k:ed@fractais_png, mode:LOCK, rate:0, size:140
2026-04-12 15:05:23, EXEC, v:1, k:ed@fractais_png, mode:LOCK, rate:0, size:140
2026-04-12 15:05:39, EXEC, v:1, k:ed@fractais_png, mode:LOCK, rate:0, size:140
2026-04-12 15:06:00, EXEC, v:1, k:ed@fractais_png, mode:LOCK, rate:0, size:140
2026-04-12 15:06:51, EXEC, v:1, k:ed@fractais_png, mode:LOCK, rate:0, size:140
2026-04-12 15:07:09, EXEC, v:1, k:ed@fractais_png, mode:LOCK, rate:0, size:140
2026-04-12 15:07:07, MOVE, v:1, k:ed@fractais_png, mode:EDIT
2026-04-12 15:07:09, MOVE, v:1, k:ed@fractais_png, mode:EDIT
2026-04-12 15:11:22, EXEC, v:1, k:ed@fractais_png, mode:LOCK, rate:0, size:140
2026-04-12 15:11:45, EXEC, v:1, k:ed@fractais_png, mode:LOCK, rate:0, size:140
2026-04-12 15:13:04, EXEC, v:1, k:ed@fractais_png, mode:LOCK, rate:0, size:140
2026-04-12 15:13:29, EXEC, v:1, k:ed@fractais_png, mode:LOCK, rate:0, size:140
2026-04-12 15:13:53, EXEC, v:1, k:ed@fractais_png, mode:LOCK, rate:0, size:140
2026-04-12 15:14:22, EXEC, v:1, k:ed@fractais_png, mode:LOCK, rate:0, size:140
2026-04-12 15:14:40, EXEC, v:1, k:ed@fractais_png, mode:LOCK, rate:0, size:140
2026-04-12 15:14:56, MOVE, v:1, k:ed@fractais_png, mode:EDIT
2026-04-12 15:14:40, MOVE, v:1, k:ed@fractais_png, mode:EDIT
2026-04-12 15:14:58, EXEC, v:1, k:ed@fractais_png, mode:LOCK, rate:0, size:140
2026-04-12 15:15:13, EXEC, v:1, k:ed@fractais_png, mode:LOCK, rate:0, size:140
2026-04-12 15:15:38, EXEC, v:1, k:ed@fractais_png, mode:LOCK, rate:0, size:140
2026-04-12 15:15:51, EXEC, v:1, k:ed@fractais_png, mode:LOCK, rate:0, size:140
2026-04-12 15:16:00, EXEC, v:1, k:ed@fractais_png, mode:LOCK, rate:0, size:140
2026-04-12 15:15:59, MOVE, v:1, k:ed@fractais_png, mode:EDIT
2026-04-12 15:16:00, MOVE, v:1, k:ed@fractais_png, mode:EDIT
2026-04-12 15:16:50, MOVE, v:1, k:ed@fractais_png, mode:EDIT
2026-04-12 15:18:09, MOVE, v:1, k:ed@fractais_png, mode:EDIT
2026-04-12 15:24:51, MOVE, v:1, k:ed@fractais_png, mode:EDIT
2026-04-12 15:26:00, MOVE, v:1, k:ed@fractais_png, mode:PICK
2026-04-12 15:26:01, EXEC, v:1, k:ed@fractais_png, mode:LOCK, rate:0, size:131
2026-04-12 15:26:53, EXEC, v:1, k:ed@fractais_png, mode:LOCK, rate:0, size:131
2026-04-12 15:28:24, EXEC, v:1, k:ed@fractais_png, mode:LOCK, rate:0
2026-04-12 15:29:51, EXEC, v:1, k:ed@fractais_png, mode:LOCK, rate:0, size:131
2026-04-12 15:29:51, MOVE, v:1, k:ed@fractais_png, mode:EDIT
2026-04-12 15:29:49, MOVE, v:1, k:ed@fractais_png, mode:EDIT
2026-04-12 15:31:34, EXEC, v:1, k:ed@fractais_png, mode:LOCK, rate:0, size:132
2026-04-12 15:32:06, EXEC, v:1, k:ed@fractais_png, mode:LOCK, rate:0, size:133
2026-04-12 15:32:42, EXEC, v:1, k:ed@fractais_png, mode:LOCK, rate:0, size:132
2026-04-12 15:34:42, EXEC, v:1, k:ed@fractais_png, mode:FULL, size:133, fail:COMP
2026-04-12 15:35:21, EXEC, v:1, k:ed@fractais_png, mode:LOCK, rate:0, size:133
2026-04-12 15:35:35, MOVE, v:1, k:ed@fractais_png, mode:EDIT
2026-04-12 15:32:42, MOVE, v:1, k:ed@fractais_png, mode:EDIT
2026-04-12 15:36:41, EXEC, v:1, k:ed@fractais_png, mode:LOCK, rate:0, size:133
2026-04-12 15:36:49, EXEC, v:1, k:ed@fractais_png, mode:LOCK, rate:0
2026-04-12 15:36:56, EXEC, v:1, k:ed@fractais_png, mode:LOCK, rate:0, size:133
2026-04-12 15:37:25, EXEC, v:1, k:ed@fractais_png, mode:LOCK, rate:0, size:133
2026-04-12 15:38:03, EXEC, v:1, k:ed@fractais_png, mode:LOCK, rate:0, size:133
2026-04-12 15:39:28, EXEC, v:1, k:ed@fractais_png, mode:LOCK, rate:0, size:136
2026-04-12 15:39:52, EXEC, v:1, k:ed@fractais_png, mode:LOCK, rate:0, size:136
2026-04-12 15:39:59, EXEC, v:1, k:ed@fractais_png, mode:LOCK, rate:0, size:133
2026-04-12 15:40:56, EXEC, v:1, k:ed@fractais_png, mode:LOCK, rate:0, size:134
2026-04-12 15:40:53, MOVE, v:1, k:ed@fractais_png, mode:EDIT
2026-04-12 15:40:56, MOVE, v:1, k:ed@fractais_png, mode:EDIT
2026-04-12 15:42:17, EXEC, v:1, k:ed@fractais_png, mode:LOCK, rate:0, size:135
2026-04-12 15:42:36, EXEC, v:1, k:ed@fractais_png, mode:LOCK, rate:0, size:135
2026-04-12 15:42:56, EXEC, v:1, k:ed@fractais_png, mode:LOCK, rate:0, size:135
2026-04-12 15:43:08, EXEC, v:1, k:ed@fractais_png, mode:LOCK, rate:0, size:135
2026-04-12 15:43:20, EXEC, v:1, k:ed@fractais_png, mode:LOCK, rate:0, size:135
2026-04-12 15:43:43, EXEC, v:1, k:ed@fractais_png, mode:LOCK, rate:0, size:135
2026-04-12 15:44:06, MOVE, v:1, k:ed@fractais_png, mode:PICK
2026-04-12 15:44:07, EXEC, v:1, k:ed@fractais_png, mode:LOCK, rate:0, size:136
2026-04-12 15:44:51, EXEC, v:1, k:ed@fractais_png, mode:LOCK, rate:0, size:136
2026-04-12 15:45:16, EXEC, v:1, k:ed@fractais_png, mode:LOCK, rate:0, size:136
2026-04-12 15:45:26, EXEC, v:1, k:ed@fractais_png, mode:LOCK, rate:0, size:130
2026-04-12 15:45:52, EXEC, v:1, k:ed@fractais_png, mode:LOCK, rate:0, size:130
2026-04-12 15:46:15, EXEC, v:1, k:ed@fractais_png, mode:LOCK, rate:0, size:130
2026-04-12 15:46:34, EXEC, v:1, k:ed@fractais_png, mode:LOCK, rate:0, size:130
2026-04-12 15:46:45, EXEC, v:1, k:ed@fractais_png, mode:LOCK, rate:0, size:130
2026-04-12 15:46:45, MOVE, v:1, k:ed@fractais_png, mode:EDIT
2026-04-12 15:49:04, MOVE, v:1, k:ed@fractais_png, mode:EDIT
2026-04-12 15:49:08, EXEC, v:1, k:ed@fractais_png, mode:LOCK, rate:0, size:135
2026-04-12 15:49:24, EXEC, v:1, k:ed@fractais_png, mode:LOCK, rate:0, size:135
2026-04-12 15:49:39, EXEC, v:1, k:ed@fractais_png, mode:LOCK, rate:0, size:135
2026-04-12 15:50:58, EXEC, v:1, k:ed@fractais_png, mode:LOCK, rate:0, size:137
2026-04-12 15:52:37, EXEC, v:1, k:ed@fractais_png, mode:LOCK, rate:0, size:139
2026-04-12 15:53:05, EXEC, v:1, k:ed@fractais_png, mode:LOCK, rate:0, size:139
2026-04-12 15:54:05, MOVE, v:1, k:ed@fractais_png, mode:EDIT
2026-04-12 15:53:05, MOVE, v:1, k:ed@fractais_png, mode:EDIT
2026-04-12 15:54:11, EXEC, v:1, k:ed@fractais_png, mode:LOCK, rate:0, size:140
2026-04-12 15:54:21, EXEC, v:1, k:ed@fractais_png, mode:LOCK, rate:0, size:139
2026-04-12 15:54:35, EXEC, v:1, k:ed@fractais_png, mode:LOCK, rate:0, size:140
2026-04-12 15:55:51, EXEC, v:1, k:ed@fractais_png, mode:LOCK, rate:0, size:143
2026-04-12 15:56:10, EXEC, v:1, k:ed@fractais_png, mode:LOCK, rate:0, size:140
2026-04-12 15:56:43, EXEC, v:1, k:ed@fractais_png, mode:LOCK, rate:0, size:142
2026-04-12 15:56:59, EXEC, v:1, k:ed@fractais_png, mode:LOCK, rate:0, size:143
2026-04-12 15:57:35, EXEC, v:1, k:ed@fractais_png, mode:LOCK, rate:0, size:140
2026-04-12 15:57:52, MOVE, v:1, k:ed@fractais_png, mode:PICK
2026-04-12 15:57:53, EXEC, v:1, k:ed@fractais_png, mode:FULL, size:140, fail:COMP
2026-04-12 15:58:05, EXEC, v:1, k:ed@fractais_png, mode:LOCK, rate:0, size:140
2026-04-12 15:58:26, EXEC, v:1, k:ed@fractais_png, mode:LOCK, rate:0, size:136
2026-04-12 16:00:09, EXEC, v:1, k:ed@fractais_png, mode:FULL, size:135, fail:COMP
2026-04-12 16:00:35, MOVE, v:1, k:ed@fractais_png, mode:PICK
2026-04-12 16:00:36, EXEC, v:1, k:ed@fractais_png, mode:LOCK, rate:0, size:136
2026-04-12 16:00:48, EXEC, v:1, k:ed@fractais_png, mode:LOCK, rate:0
2026-04-12 16:00:49, EXEC, v:1, k:ed@fractais_png, mode:LOCK, rate:0
2026-04-12 16:01:07, EXEC, v:1, k:ed@fractais_png, mode:LOCK, rate:0, size:137
2026-04-12 16:01:28, EXEC, v:1, k:ed@fractais_png, mode:LOCK, rate:0, size:136
2026-04-12 16:01:42, MOVE, v:1, k:ed@fractais_png, mode:PICK
2026-04-12 16:01:44, EXEC, v:1, k:ed@fractais_png, mode:LOCK, rate:0
2026-04-12 16:02:27, EXEC, v:1, k:ed@fractais_png, mode:LOCK, rate:0, size:137
2026-04-12 16:03:01, EXEC, v:1, k:ed@fractais_png, mode:LOCK, rate:0, size:137
2026-04-12 16:03:18, EXEC, v:1, k:ed@fractais_png, mode:LOCK, rate:0, size:137
2026-04-12 16:03:50, EXEC, v:1, k:ed@fractais_png, mode:LOCK, rate:0, size:137
2026-04-12 16:05:04, EXEC, v:1, k:ed@fractais_png, mode:LOCK, rate:0
2026-04-12 16:05:52, EXEC, v:1, k:ed@fractais_png, mode:LOCK, rate:0, size:137
2026-04-12 16:06:25, EXEC, v:1, k:ed@fractais_png, mode:LOCK, rate:0, size:137
2026-04-12 16:06:25, MOVE, v:1, k:ed@fractais_png, mode:EDIT
2026-04-12 16:06:24, MOVE, v:1, k:ed@fractais_png, mode:EDIT
2026-04-12 16:08:05, EXEC, v:1, k:ed@fractais_png, mode:LOCK, rate:0, size:141
2026-04-12 16:10:07, EXEC, v:1, k:ed@fractais_png, mode:LOCK, rate:0, size:141
2026-04-12 16:11:03, EXEC, v:1, k:ed@fractais_png, mode:LOCK, rate:0, size:141
2026-04-12 16:11:31, EXEC, v:1, k:ed@fractais_png, mode:LOCK, rate:0, size:141
2026-04-12 16:11:29, MOVE, v:1, k:ed@fractais_png, mode:EDIT
2026-04-12 16:11:31, MOVE, v:1, k:ed@fractais_png, mode:EDIT
2026-04-12 16:12:04, EXEC, v:1, k:ed@fractais_png, mode:LOCK, rate:0, size:142
2026-04-12 16:12:32, EXEC, v:1, k:ed@fractais_png, mode:LOCK, rate:0, size:142
2026-04-12 16:12:39, EXEC, v:1, k:ed@fractais_png, mode:LOCK, rate:0, size:142
2026-04-12 16:12:45, EXEC, v:1, k:ed@fractais_png, mode:LOCK, rate:0, size:142
2026-04-12 16:12:57, EXEC, v:1, k:ed@fractais_png, mode:LOCK, rate:0, size:142
2026-04-12 16:16:24, MOVE, v:1, k:ed@fractais_png, mode:BACK
2026-04-12 16:16:35, MOVE, v:1, k:ed@fractais_png, mode:PICK
2026-04-12 16:12:56, MOVE, v:1, k:ed@fractais_png, mode:EDIT
2026-04-12 16:12:57, MOVE, v:1, k:ed@fractais_png, mode:EDIT
2026-04-12 16:19:36, MOVE, v:1, k:ed@fractais_png, mode:EDIT
2026-04-12 16:23:31, EXEC, v:1, k:ed@fractais_png, mode:LOCK, rate:0, size:142
2026-04-12 16:24:57, EXEC, v:1, k:ed@fractais_png, mode:LOCK, rate:0, size:142
2026-04-12 16:25:28, EXEC, v:1, k:ed@fractais_png, mode:LOCK, rate:0, size:142
2026-04-12 16:25:43, EXEC, v:1, k:ed@fractais_png, mode:LOCK, rate:0, size:142
2026-04-12 16:26:00, EXEC, v:1, k:ed@fractais_png, mode:LOCK, rate:0, size:142
2026-04-12 16:26:18, EXEC, v:1, k:ed@fractais_png, mode:LOCK, rate:0, size:142
2026-04-12 16:26:41, MOVE, v:1, k:ed@fractais_png, mode:EDIT
2026-04-12 16:26:18, MOVE, v:1, k:ed@fractais_png, mode:EDIT
2026-04-12 16:26:43, EXEC, v:1, k:ed@fractais_png, mode:LOCK, rate:0, size:142
2026-04-12 16:27:01, EXEC, v:1, k:ed@fractais_png, mode:LOCK, rate:0, size:142
2026-04-12 16:27:14, EXEC, v:1, k:ed@fractais_png, mode:LOCK, rate:0, size:142
2026-04-12 16:27:30, EXEC, v:1, k:ed@fractais_png, mode:LOCK, rate:0, size:142
2026-04-12 16:30:13, EXEC, v:1, k:ed@fractais_png, mode:LOCK, rate:0, size:142
2026-04-12 16:30:53, EXEC, v:1, k:ed@fractais_png, mode:LOCK, rate:0, size:142
2026-04-12 16:31:07, EXEC, v:1, k:ed@fractais_png, mode:LOCK, rate:0, size:142
2026-04-12 16:31:16, EXEC, v:1, k:ed@fractais_png, mode:LOCK, rate:0, size:142
2026-04-12 16:31:25, EXEC, v:1, k:ed@fractais_png, mode:LOCK, rate:0, size:142
2026-04-12 16:31:25, MOVE, v:1, k:ed@fractais_png, mode:EDIT
2026-04-12 16:31:24, MOVE, v:1, k:ed@fractais_png, mode:EDIT
2026-04-12 16:32:33, EXEC, v:1, k:ed@fractais_png, mode:LOCK, rate:0, size:142
2026-04-12 16:33:08, EXEC, v:1, k:ed@fractais_png, mode:LOCK, rate:0, size:142
2026-04-12 16:36:09, EXEC, v:1, k:ed@fractais_png, mode:LOCK, rate:0, size:139
2026-04-12 16:35:38, MOVE, v:1, k:ed@fractais_png, mode:EDIT
2026-04-12 16:36:09, MOVE, v:1, k:ed@fractais_png, mode:EDIT
2026-04-12 21:42:49, MOVE, v:1, k:ed@fractais_png, mode:PICK
2026-04-12 21:42:50, EXEC, v:1, k:ed@fractais_png, mode:LOCK, rate:0, size:139
2026-04-12 21:47:35, EXEC, v:1, k:ed@fractais_png, mode:LOCK, rate:0, size:134
2026-04-12 21:42:50, MOVE, v:1, k:ed@fractais_png, mode:EDIT
2026-04-12 21:43:30, MOVE, v:1, k:ed@fractais_png, mode:EDIT
2026-04-12 21:47:18, MOVE, v:1, k:ed@fractais_png, mode:EDIT
2026-04-12 21:47:35, MOVE, v:1, k:ed@fractais_png, mode:EDIT
2026-04-12 21:49:07, EXEC, v:1, k:ed@fractais_png, mode:LOCK, rate:0, size:136
2026-04-12 21:50:34, EXEC, v:1, k:ed@fractais_png, mode:LOCK, rate:0, size:138
2026-04-12 21:52:09, EXEC, v:1, k:ed@fractais_png, mode:LOCK, rate:0, size:138
2026-04-12 21:51:45, MOVE, v:1, k:ed@fractais_png, mode:EDIT
2026-04-12 21:52:09, MOVE, v:1, k:ed@fractais_png, mode:EDIT
2026-04-12 21:52:55, EXEC, v:1, k:ed@fractais_png, mode:LOCK, rate:0, size:138
2026-04-12 21:54:08, EXEC, v:1, k:ed@fractais_png, mode:LOCK, rate:0, size:139
2026-04-12 21:54:26, EXEC, v:1, k:ed@fractais_png, mode:LOCK, rate:0, size:139
2026-04-12 21:54:56, EXEC, v:1, k:ed@fractais_png, mode:LOCK, rate:0, size:139
2026-04-12 21:56:35, EXEC, v:1, k:ed@fractais_png, mode:LOCK, rate:0, size:139
2026-04-12 21:57:13, EXEC, v:1, k:ed@fractais_png, mode:LOCK, rate:0, size:139
2026-04-12 21:57:12, MOVE, v:1, k:ed@fractais_png, mode:EDIT
2026-04-12 21:57:13, MOVE, v:1, k:ed@fractais_png, mode:EDIT
2026-04-12 21:58:32, EXEC, v:1, k:ed@fractais_png, mode:LOCK, rate:0, size:139
2026-04-12 21:59:31, EXEC, v:1, k:ed@fractais_png, mode:LOCK, rate:0, size:140
2026-04-12 21:59:54, EXEC, v:1, k:ed@fractais_png, mode:LOCK, rate:0, size:139
2026-04-12 22:00:16, EXEC, v:1, k:ed@fractais_png, mode:LOCK, rate:0, size:139
2026-04-12 22:00:13, MOVE, v:1, k:ed@fractais_png, mode:EDIT
2026-04-12 22:00:16, MOVE, v:1, k:ed@fractais_png, mode:EDIT
2026-04-12 22:07:46, EXEC, v:1, k:ed@fractais_png, mode:LOCK, rate:0, size:146
2026-04-12 22:07:39, MOVE, v:1, k:ed@fractais_png, mode:EDIT
2026-04-12 22:07:46, MOVE, v:1, k:ed@fractais_png, mode:EDIT
2026-04-12 22:08:01, EXEC, v:1, k:ed@fractais_png, mode:LOCK, rate:0, size:146
2026-04-12 22:08:27, EXEC, v:1, k:ed@fractais_png, mode:LOCK, rate:0, size:146
2026-04-12 22:11:34, EXEC, v:1, k:ed@fractais_png, mode:LOCK, rate:0, size:147
2026-04-12 22:11:51, EXEC, v:1, k:ed@fractais_png, mode:LOCK, rate:0, size:146
2026-04-12 22:12:34, MOVE, v:1, k:ed@fractais_png, mode:EDIT
2026-04-12 22:11:51, MOVE, v:1, k:ed@fractais_png, mode:EDIT
2026-04-12 22:13:12, EXEC, v:1, k:ed@fractais_png, mode:LOCK, rate:0, size:137
2026-04-12 22:17:00, EXEC, v:1, k:ed@fractais_png, mode:LOCK, rate:0, size:135
2026-04-12 22:16:57, MOVE, v:1, k:ed@fractais_png, mode:EDIT
2026-04-12 22:17:00, MOVE, v:1, k:ed@fractais_png, mode:EDIT
2026-04-12 22:18:02, EXEC, v:1, k:ed@fractais_png, mode:LOCK, rate:0, size:137
2026-04-12 22:18:21, EXEC, v:1, k:ed@fractais_png, mode:LOCK, rate:0, size:137
2026-04-12 22:19:06, EXEC, v:1, k:ed@fractais_png, mode:LOCK, rate:0, size:138
2026-04-12 22:20:05, EXEC, v:1, k:ed@fractais_png, mode:LOCK, rate:0, size:131
2026-04-12 22:20:02, MOVE, v:1, k:ed@fractais_png, mode:EDIT
2026-04-12 22:20:05, MOVE, v:1, k:ed@fractais_png, mode:EDIT
2026-04-12 22:26:12, EXEC, v:1, k:ed@fractais_png, mode:LOCK, rate:0, size:130
2026-04-12 22:27:08, EXEC, v:1, k:ed@fractais_png, mode:LOCK, rate:0, size:134
2026-04-12 22:27:30, EXEC, v:1, k:ed@fractais_png, mode:LOCK, rate:0, size:135
2026-04-12 22:27:29, MOVE, v:1, k:ed@fractais_png, mode:EDIT
2026-04-12 22:27:30, MOVE, v:1, k:ed@fractais_png, mode:EDIT
2026-04-12 22:28:19, EXEC, v:1, k:ed@fractais_png, mode:LOCK, rate:0, size:133
2026-04-12 22:28:43, EXEC, v:1, k:ed@fractais_png, mode:LOCK, rate:0, size:133
2026-04-12 22:30:28, EXEC, v:1, k:ed@fractais_png, mode:LOCK, rate:0, size:147
2026-04-12 22:32:44, MOVE, v:1, k:ed@fractais_png, mode:EDIT
2026-04-12 22:30:28, MOVE, v:1, k:ed@fractais_png, mode:EDIT
2026-04-12 22:33:04, EXEC, v:1, k:ed@fractais_png, mode:LOCK, rate:0, size:138
2026-04-12 22:35:28, EXEC, v:1, k:ed@fractais_png, mode:LOCK, rate:0, size:135
2026-04-12 22:36:48, EXEC, v:1, k:ed@fractais_png, mode:LOCK, rate:0, size:138
2026-04-12 22:36:56, EXEC, v:1, k:ed@fractais_png, mode:LOCK, rate:0
2026-04-12 22:37:04, EXEC, v:1, k:ed@fractais_png, mode:LOCK, rate:0, size:138
2026-04-12 22:37:03, MOVE, v:1, k:ed@fractais_png, mode:EDIT
2026-04-12 22:37:04, MOVE, v:1, k:ed@fractais_png, mode:EDIT
2026-04-12 22:39:08, EXEC, v:1, k:ed@fractais_png, mode:LOCK, rate:0, size:139
2026-04-12 22:40:40, EXEC, v:1, k:ed@fractais_png, mode:LOCK, rate:0, size:140
2026-04-12 22:41:11, EXEC, v:1, k:ed@fractais_png, mode:LOCK, rate:0, size:140
2026-04-12 22:41:28, EXEC, v:1, k:ed@fractais_png, mode:LOCK, rate:0, size:140
2026-04-12 22:42:23, EXEC, v:1, k:ed@fractais_png, mode:LOCK, rate:0, size:143
2026-04-12 22:42:23, MOVE, v:1, k:ed@fractais_png, mode:EDIT
2026-04-12 22:42:21, MOVE, v:1, k:ed@fractais_png, mode:EDIT
2026-04-12 22:42:54, EXEC, v:1, k:ed@fractais_png, mode:LOCK, rate:0, size:143
2026-04-12 22:43:21, EXEC, v:1, k:ed@fractais_png, mode:LOCK, rate:0, size:143
2026-04-12 22:43:30, EXEC, v:1, k:ed@fractais_png, mode:LOCK, rate:0, size:143
2026-04-12 22:44:03, EXEC, v:1, k:ed@fractais_png, mode:LOCK, rate:0, size:143
2026-04-12 22:46:34, EXEC, v:1, k:ed@fractais_png, mode:LOCK, rate:0, size:143
2026-04-12 22:46:57, EXEC, v:1, k:ed@fractais_png, mode:LOCK, rate:0, size:143
2026-04-12 22:47:18, EXEC, v:1, k:ed@fractais_png, mode:LOCK, rate:0, size:143
2026-04-12 22:47:49, EXEC, v:1, k:ed@fractais_png, mode:LOCK, rate:0, size:143
2026-04-12 22:47:47, MOVE, v:1, k:ed@fractais_png, mode:EDIT
2026-04-12 22:47:49, MOVE, v:1, k:ed@fractais_png, mode:EDIT
2026-04-12 22:48:31, EXEC, v:1, k:ed@fractais_png, mode:LOCK, rate:0, size:143
2026-04-12 22:48:50, EXEC, v:1, k:ed@fractais_png, mode:LOCK, rate:0, size:143
2026-04-12 22:49:12, EXEC, v:1, k:ed@fractais_png, mode:LOCK, rate:0, size:143
2026-04-12 22:49:48, EXEC, v:1, k:ed@fractais_png, mode:LOCK, rate:0, size:143
2026-04-12 22:50:40, EXEC, v:1, k:ed@fractais_png, mode:LOCK, rate:0, size:143
2026-04-12 22:50:36, MOVE, v:1, k:ed@fractais_png, mode:EDIT
2026-04-12 22:50:40, MOVE, v:1, k:ed@fractais_png, mode:EDIT
2026-04-12 22:54:33, EXEC, v:1, k:ed@fractais_png, mode:LOCK, rate:0, size:143
2026-04-12 22:54:56, EXEC, v:1, k:ed@fractais_png, mode:LOCK, rate:0, size:143
2026-04-12 22:55:11, EXEC, v:1, k:ed@fractais_png, mode:LOCK, rate:0, size:143
2026-04-12 22:56:06, EXEC, v:1, k:ed@fractais_png, mode:LOCK, rate:0, size:143
2026-04-12 22:56:04, MOVE, v:1, k:ed@fractais_png, mode:EDIT
2026-04-12 22:56:06, MOVE, v:1, k:ed@fractais_png, mode:EDIT
2026-04-12 22:58:54, EXEC, v:1, k:ed@fractais_png, mode:LOCK, rate:0
